# JRE version: OpenJDK Runtime Environment (11.0.12+7) (build 11.0.12+7-b1504.28-7817840)
# Java VM: OpenJDK 64-Bit Server VM (11.0.12+7-b1504.28-7817840, mixed mode, tiered, compressed oops, g1 gc, windows-amd64)
Heap:
 garbage-first heap   total 157696K, used 121196K [0x0000000080000000, 0x0000000100000000)
  region size 1024K, 64 young (65536K), 9 survivors (9216K)
 Metaspace       used 83545K, capacity 85675K, committed 85932K, reserved 1124352K
  class space    used 10903K, capacity 11686K, committed 11776K, reserved 1048576K
GC Heap History (20 events):
Event: 6.881 GC heap before
{Heap before GC invocations=7 (full 0):
 garbage-first heap   total 131072K, used 79847K [0x0000000080000000, 0x0000000100000000)
  region size 1024K, 63 young (64512K), 3 survivors (3072K)
 Metaspace       used 34912K, capacity 35722K, committed 35840K, reserved 1081344K
  class space    used 4534K, capacity 4839K, committed 4864K, reserved 1048576K
}
Event: 6.900 GC heap after
{Heap after GC invocations=8 (full 0):
 garbage-first heap   total 131072K, used 22782K [0x0000000080000000, 0x0000000100000000)
  region size 1024K, 7 young (7168K), 7 survivors (7168K)
 Metaspace       used 34912K, capacity 35722K, committed 35840K, reserved 1081344K
  class space    used 4534K, capacity 4839K, committed 4864K, reserved 1048576K
}
Event: 7.976 GC heap before
{Heap before GC invocations=9 (full 0):
 garbage-first heap   total 131072K, used 89342K [0x0000000080000000, 0x0000000100000000)
  region size 1024K, 70 young (71680K), 7 survivors (7168K)
 Metaspace       used 39945K, capacity 40914K, committed 41088K, reserved 1085440K
  class space    used 5116K, capacity 5435K, committed 5504K, reserved 1048576K
}
Event: 7.999 GC heap after
{Heap after GC invocations=10 (full 0):
 garbage-first heap   total 131072K, used 27962K [0x0000000080000000, 0x0000000100000000)
  region size 1024K, 9 young (9216K), 9 survivors (9216K)
 Metaspace       used 39945K, capacity 40914K, committed 41088K, reserved 1085440K
  class space    used 5116K, capacity 5435K, committed 5504K, reserved 1048576K
}
Event: 9.455 GC heap before
{Heap before GC invocations=10 (full 0):
 garbage-first heap   total 131072K, used 94522K [0x0000000080000000, 0x0000000100000000)
  region size 1024K, 73 young (74752K), 9 survivors (9216K)
 Metaspace       used 46151K, capacity 47250K, committed 47360K, reserved 1089536K
  class space    used 5939K, capacity 6323K, committed 6400K, reserved 1048576K
}
Event: 9.472 GC heap after
{Heap after GC invocations=11 (full 0):
 garbage-first heap   total 157696K, used 29986K [0x0000000080000000, 0x0000000100000000)
  region size 1024K, 3 young (3072K), 3 survivors (3072K)
 Metaspace       used 46151K, capacity 47250K, committed 47360K, reserved 1089536K
  class space    used 5939K, capacity 6323K, committed 6400K, reserved 1048576K
}
Event: 14.557 GC heap before
{Heap before GC invocations=11 (full 0):
 garbage-first heap   total 157696K, used 124194K [0x0000000080000000, 0x0000000100000000)
  region size 1024K, 92 young (94208K), 3 survivors (3072K)
 Metaspace       used 52406K, capacity 53715K, committed 53760K, reserved 1095680K
  class space    used 6697K, capacity 7159K, committed 7168K, reserved 1048576K
}
Event: 14.570 GC heap after
{Heap after GC invocations=12 (full 0):
 garbage-first heap   total 157696K, used 43858K [0x0000000080000000, 0x0000000100000000)
  region size 1024K, 12 young (12288K), 12 survivors (12288K)
 Metaspace       used 52406K, capacity 53715K, committed 53760K, reserved 1095680K
  class space    used 6697K, capacity 7159K, committed 7168K, reserved 1048576K
}
Event: 15.691 GC heap before
{Heap before GC invocations=12 (full 0):
 garbage-first heap   total 157696K, used 83794K [0x0000000080000000, 0x0000000100000000)
  region size 1024K, 52 young (53248K), 12 survivors (12288K)
 Metaspace       used 58413K, capacity 59802K, committed 59948K, reserved 1101824K
  class space    used 7444K, capacity 7992K, committed 8064K, reserved 1048576K
}
Event: 15.720 GC heap after
{Heap after GC invocations=13 (full 0):
 garbage-first heap   total 157696K, used 45553K [0x0000000080000000, 0x0000000100000000)
  region size 1024K, 2 young (2048K), 2 survivors (2048K)
 Metaspace       used 58413K, capacity 59802K, committed 59948K, reserved 1101824K
  class space    used 7444K, capacity 7992K, committed 8064K, reserved 1048576K
}
Event: 18.808 GC heap before
{Heap before GC invocations=14 (full 0):
 garbage-first heap   total 157696K, used 105969K [0x0000000080000000, 0x0000000100000000)
  region size 1024K, 62 young (63488K), 2 survivors (2048K)
 Metaspace       used 64539K, capacity 65979K, committed 66092K, reserved 1105920K
  class space    used 8210K, capacity 8762K, committed 8832K, reserved 1048576K
}
Event: 18.821 GC heap after
{Heap after GC invocations=15 (full 0):
 garbage-first heap   total 157696K, used 50208K [0x0000000080000000, 0x0000000100000000)
  region size 1024K, 7 young (7168K), 7 survivors (7168K)
 Metaspace       used 64539K, capacity 65979K, committed 66092K, reserved 1105920K
  class space    used 8210K, capacity 8762K, committed 8832K, reserved 1048576K
}
Event: 20.317 GC heap before
{Heap before GC invocations=16 (full 0):
 garbage-first heap   total 157696K, used 112672K [0x0000000080000000, 0x0000000100000000)
  region size 1024K, 67 young (68608K), 7 survivors (7168K)
 Metaspace       used 67741K, capacity 69359K, committed 69420K, reserved 1110016K
  class space    used 8690K, capacity 9285K, committed 9344K, reserved 1048576K
}
Event: 20.335 GC heap after
{Heap after GC invocations=17 (full 0):
 garbage-first heap   total 157696K, used 54628K [0x0000000080000000, 0x0000000100000000)
  region size 1024K, 5 young (5120K), 5 survivors (5120K)
 Metaspace       used 67741K, capacity 69359K, committed 69420K, reserved 1110016K
  class space    used 8690K, capacity 9285K, committed 9344K, reserved 1048576K
}
Event: 22.048 GC heap before
{Heap before GC invocations=17 (full 0):
 garbage-first heap   total 157696K, used 116068K [0x0000000080000000, 0x0000000100000000)
  region size 1024K, 65 young (66560K), 5 survivors (5120K)
 Metaspace       used 73625K, capacity 75288K, committed 75564K, reserved 1114112K
  class space    used 9609K, capacity 10255K, committed 10368K, reserved 1048576K
}
Event: 22.062 GC heap after
{Heap after GC invocations=18 (full 0):
 garbage-first heap   total 157696K, used 58410K [0x0000000080000000, 0x0000000100000000)
  region size 1024K, 9 young (9216K), 9 survivors (9216K)
 Metaspace       used 73625K, capacity 75288K, committed 75564K, reserved 1114112K
  class space    used 9609K, capacity 10255K, committed 10368K, reserved 1048576K
}
Event: 23.868 GC heap before
{Heap before GC invocations=18 (full 0):
 garbage-first heap   total 157696K, used 118826K [0x0000000080000000, 0x0000000100000000)
  region size 1024K, 68 young (69632K), 9 survivors (9216K)
 Metaspace       used 80354K, capacity 82296K, committed 82476K, reserved 1120256K
  class space    used 10602K, capacity 11368K, committed 11392K, reserved 1048576K
}
Event: 23.892 GC heap after
{Heap after GC invocations=19 (full 0):
 garbage-first heap   total 157696K, used 62459K [0x0000000080000000, 0x0000000100000000)
  region size 1024K, 8 young (8192K), 8 survivors (8192K)
 Metaspace       used 80354K, capacity 82296K, committed 82476K, reserved 1120256K
  class space    used 10602K, capacity 11368K, committed 11392K, reserved 1048576K
}
Event: 25.923 GC heap before
{Heap before GC invocations=19 (full 0):
 garbage-first heap   total 157696K, used 121851K [0x0000000080000000, 0x0000000100000000)
  region size 1024K, 67 young (68608K), 8 survivors (8192K)
 Metaspace       used 81592K, capacity 83642K, committed 83884K, reserved 1122304K
  class space    used 10725K, capacity 11520K, committed 11520K, reserved 1048576K
}
Event: 25.943 GC heap after
{Heap after GC invocations=20 (full 0):
 garbage-first heap   total 157696K, used 66924K [0x0000000080000000, 0x0000000100000000)
  region size 1024K, 9 young (9216K), 9 survivors (9216K)
 Metaspace       used 81592K, capacity 83642K, committed 83884K, reserved 1122304K
  class space    used 10725K, capacity 11520K, committed 11520K, reserved 1048576K
}

